[debug] [2023-05-27T00:51:54.404Z] ----------------------------------------------------------------------
[debug] [2023-05-27T00:51:54.406Z] Command:       C:\Program Files\nodejs\node.exe C:\Users\Karim\AppData\Roaming\npm\node_modules\firebase-tools\lib\bin\firebase.js use --add
[debug] [2023-05-27T00:51:54.407Z] CLI Version:   12.2.1
[debug] [2023-05-27T00:51:54.407Z] Platform:      win32
[debug] [2023-05-27T00:51:54.407Z] Node Version:  v18.12.1
[debug] [2023-05-27T00:51:54.408Z] Time:          Sat May 27 2023 02:51:54 GMT+0200 (Eastern European Standard Time)
[debug] [2023-05-27T00:51:54.408Z] ----------------------------------------------------------------------
[debug] 
[debug] [2023-05-27T00:51:54.473Z] > command requires scopes: ["email","openid","https://www.googleapis.com/auth/cloudplatformprojects.readonly","https://www.googleapis.com/auth/firebase","https://www.googleapis.com/auth/cloud-platform"]
[debug] [2023-05-27T00:51:54.474Z] > authorizing via signed-in user (karem109k@gmail.com)
[debug] [2023-05-27T00:51:54.477Z] >>> [apiv2][query] GET https://firebase.googleapis.com/v1beta1/projects pageSize=1000
[debug] [2023-05-27T00:51:55.106Z] <<< [apiv2][status] GET https://firebase.googleapis.com/v1beta1/projects 200
[debug] [2023-05-27T00:51:55.106Z] <<< [apiv2][body] GET https://firebase.googleapis.com/v1beta1/projects [omitted]
[debug] [2023-05-27T00:52:34.076Z] ----------------------------------------------------------------------
[debug] [2023-05-27T00:52:34.078Z] Command:       C:\Program Files\nodejs\node.exe C:\Users\Karim\AppData\Roaming\npm\node_modules\firebase-tools\lib\bin\firebase.js use --add
[debug] [2023-05-27T00:52:34.079Z] CLI Version:   12.2.1
[debug] [2023-05-27T00:52:34.079Z] Platform:      win32
[debug] [2023-05-27T00:52:34.079Z] Node Version:  v18.12.1
[debug] [2023-05-27T00:52:34.080Z] Time:          Sat May 27 2023 02:52:34 GMT+0200 (Eastern European Standard Time)
[debug] [2023-05-27T00:52:34.080Z] ----------------------------------------------------------------------
[debug] 
[debug] [2023-05-27T00:52:34.146Z] > command requires scopes: ["email","openid","https://www.googleapis.com/auth/cloudplatformprojects.readonly","https://www.googleapis.com/auth/firebase","https://www.googleapis.com/auth/cloud-platform"]
[debug] [2023-05-27T00:52:34.147Z] > authorizing via signed-in user (karem109k@gmail.com)
[debug] [2023-05-27T00:52:34.150Z] >>> [apiv2][query] GET https://firebase.googleapis.com/v1beta1/projects pageSize=1000
[debug] [2023-05-27T00:52:35.511Z] <<< [apiv2][status] GET https://firebase.googleapis.com/v1beta1/projects 200
[debug] [2023-05-27T00:52:35.511Z] <<< [apiv2][body] GET https://firebase.googleapis.com/v1beta1/projects [omitted]
